# JRE version: OpenJDK Runtime Environment (17.0.6) (build 17.0.6+0-b2043.56-9586694)
# Java VM: OpenJDK 64-Bit Server VM (17.0.6+0-b2043.56-9586694, mixed mode, tiered, compressed oops, compressed class ptrs, g1 gc, windows-amd64)
GC Precious Log:
 CPUs: 8 total, 8 available
 Memory: 8000M
 Large Page Support: Disabled
 NUMA Support: Disabled
 Compressed Oops: Enabled (32-bit)
 Heap Region Size: 1M
 Heap Min Capacity: 8M
 Heap Initial Capacity: 126M
 Heap Max Capacity: 2G
 Pre-touch: Disabled
 Parallel Workers: 8
 Concurrent Workers: 2
 Concurrent Refinement Workers: 8
 Periodic GC: Disabled
Heap:
 garbage-first heap   total 447488K, used 390034K [0x0000000080000000, 0x0000000100000000)
  region size 1024K, 260 young (266240K), 8 survivors (8192K)
 Metaspace       used 124238K, committed 125504K, reserved 1163264K
  class space    used 17193K, committed 17792K, reserved 1048576K
GC Heap History (20 events):
Event: 305.964 GC heap before
{Heap before GC invocations=35 (full 0):
 garbage-first heap   total 301056K, used 143932K [0x0000000080000000, 0x0000000100000000)
  region size 1024K, 57 young (58368K), 2 survivors (2048K)
 Metaspace       used 95091K, committed 95808K, reserved 1138688K
  class space    used 12837K, committed 13184K, reserved 1048576K
}
Event: 305.968 GC heap after
{Heap after GC invocations=36 (full 0):
 garbage-first heap   total 301056K, used 95073K [0x0000000080000000, 0x0000000100000000)
  region size 1024K, 7 young (7168K), 7 survivors (7168K)
 Metaspace       used 95091K, committed 95808K, reserved 1138688K
  class space    used 12837K, committed 13184K, reserved 1048576K
}
Event: 326.173 GC heap before
{Heap before GC invocations=37 (full 0):
 garbage-first heap   total 301056K, used 235361K [0x0000000080000000, 0x0000000100000000)
  region size 1024K, 141 young (144384K), 7 survivors (7168K)
 Metaspace       used 97869K, committed 98624K, reserved 1138688K
  class space    used 13159K, committed 13504K, reserved 1048576K
}
Event: 326.190 GC heap after
{Heap after GC invocations=38 (full 0):
 garbage-first heap   total 301056K, used 114544K [0x0000000080000000, 0x0000000100000000)
  region size 1024K, 18 young (18432K), 18 survivors (18432K)
 Metaspace       used 97869K, committed 98624K, reserved 1138688K
  class space    used 13159K, committed 13504K, reserved 1048576K
}
Event: 326.199 GC heap before
{Heap before GC invocations=38 (full 0):
 garbage-first heap   total 301056K, used 115568K [0x0000000080000000, 0x0000000100000000)
  region size 1024K, 19 young (19456K), 18 survivors (18432K)
 Metaspace       used 97871K, committed 98624K, reserved 1138688K
  class space    used 13159K, committed 13504K, reserved 1048576K
}
Event: 326.215 GC heap after
{Heap after GC invocations=39 (full 0):
 garbage-first heap   total 301056K, used 115113K [0x0000000080000000, 0x0000000100000000)
  region size 1024K, 3 young (3072K), 3 survivors (3072K)
 Metaspace       used 97871K, committed 98624K, reserved 1138688K
  class space    used 13159K, committed 13504K, reserved 1048576K
}
Event: 368.334 GC heap before
{Heap before GC invocations=39 (full 0):
 garbage-first heap   total 301056K, used 230825K [0x0000000080000000, 0x0000000100000000)
  region size 1024K, 117 young (119808K), 3 survivors (3072K)
 Metaspace       used 99391K, committed 100224K, reserved 1138688K
  class space    used 13308K, committed 13696K, reserved 1048576K
}
Event: 368.341 GC heap after
{Heap after GC invocations=40 (full 0):
 garbage-first heap   total 301056K, used 121005K [0x0000000080000000, 0x0000000100000000)
  region size 1024K, 9 young (9216K), 9 survivors (9216K)
 Metaspace       used 99391K, committed 100224K, reserved 1138688K
  class space    used 13308K, committed 13696K, reserved 1048576K
}
Event: 421.422 GC heap before
{Heap before GC invocations=41 (full 0):
 garbage-first heap   total 301056K, used 232621K [0x0000000080000000, 0x0000000100000000)
  region size 1024K, 121 young (123904K), 9 survivors (9216K)
 Metaspace       used 99953K, committed 100800K, reserved 1138688K
  class space    used 13323K, committed 13696K, reserved 1048576K
}
Event: 421.429 GC heap after
{Heap after GC invocations=42 (full 0):
 garbage-first heap   total 301056K, used 119208K [0x0000000080000000, 0x0000000100000000)
  region size 1024K, 9 young (9216K), 9 survivors (9216K)
 Metaspace       used 99953K, committed 100800K, reserved 1138688K
  class space    used 13323K, committed 13696K, reserved 1048576K
}
Event: 421.459 GC heap before
{Heap before GC invocations=42 (full 0):
 garbage-first heap   total 301056K, used 124328K [0x0000000080000000, 0x0000000100000000)
  region size 1024K, 14 young (14336K), 9 survivors (9216K)
 Metaspace       used 99953K, committed 100800K, reserved 1138688K
  class space    used 13323K, committed 13696K, reserved 1048576K
}
Event: 421.468 GC heap after
{Heap after GC invocations=43 (full 0):
 garbage-first heap   total 301056K, used 113515K [0x0000000080000000, 0x0000000100000000)
  region size 1024K, 2 young (2048K), 2 survivors (2048K)
 Metaspace       used 99953K, committed 100800K, reserved 1138688K
  class space    used 13323K, committed 13696K, reserved 1048576K
}
Event: 551.589 GC heap before
{Heap before GC invocations=43 (full 0):
 garbage-first heap   total 301056K, used 190315K [0x0000000080000000, 0x0000000100000000)
  region size 1024K, 79 young (80896K), 2 survivors (2048K)
 Metaspace       used 100679K, committed 101760K, reserved 1138688K
  class space    used 13445K, committed 13952K, reserved 1048576K
}
Event: 551.597 GC heap after
{Heap after GC invocations=44 (full 0):
 garbage-first heap   total 301056K, used 123377K [0x0000000080000000, 0x0000000100000000)
  region size 1024K, 11 young (11264K), 11 survivors (11264K)
 Metaspace       used 100679K, committed 101760K, reserved 1138688K
  class space    used 13445K, committed 13952K, reserved 1048576K
}
Event: 611.705 GC heap before
{Heap before GC invocations=45 (full 0):
 garbage-first heap   total 301056K, used 241137K [0x0000000080000000, 0x0000000100000000)
  region size 1024K, 124 young (126976K), 11 survivors (11264K)
 Metaspace       used 101227K, committed 102400K, reserved 1138688K
  class space    used 13507K, committed 14016K, reserved 1048576K
}
Event: 611.719 GC heap after
{Heap after GC invocations=46 (full 0):
 garbage-first heap   total 301056K, used 132243K [0x0000000080000000, 0x0000000100000000)
  region size 1024K, 14 young (14336K), 14 survivors (14336K)
 Metaspace       used 101227K, committed 102400K, reserved 1138688K
  class space    used 13507K, committed 14016K, reserved 1048576K
}
Event: 611.726 GC heap before
{Heap before GC invocations=46 (full 0):
 garbage-first heap   total 301056K, used 132243K [0x0000000080000000, 0x0000000100000000)
  region size 1024K, 15 young (15360K), 14 survivors (14336K)
 Metaspace       used 101232K, committed 102400K, reserved 1138688K
  class space    used 13507K, committed 14016K, reserved 1048576K
}
Event: 611.738 GC heap after
{Heap after GC invocations=47 (full 0):
 garbage-first heap   total 301056K, used 120497K [0x0000000080000000, 0x0000000100000000)
  region size 1024K, 2 young (2048K), 2 survivors (2048K)
 Metaspace       used 101232K, committed 102400K, reserved 1138688K
  class space    used 13507K, committed 14016K, reserved 1048576K
}
Event: 832.573 GC heap before
{Heap before GC invocations=47 (full 0):
 garbage-first heap   total 301056K, used 234161K [0x0000000080000000, 0x0000000100000000)
  region size 1024K, 114 young (116736K), 2 survivors (2048K)
 Metaspace       used 101509K, committed 102656K, reserved 1138688K
  class space    used 13509K, committed 14016K, reserved 1048576K
}
Event: 832.585 GC heap after
{Heap after GC invocations=48 (full 0):
 garbage-first heap   total 903168K, used 126866K [0x0000000080000000, 0x0000000100000000)
  region size 1024K, 8 young (8192K), 8 survivors (8192K)
 Metaspace       used 101509K, committed 102656K, reserved 1138688K
  class space    used 13509K, committed 14016K, reserved 1048576K
}

